<?xml version="1.0" encoding="UTF-8"?>
<testsuite xmlns:xsi="http://www.w3.org/2001/XMLSchema-instance" xsi:noNamespaceSchemaLocation="https://maven.apache.org/surefire/maven-surefire-plugin/xsd/surefire-test-report-3.0.xsd" version="3.0" name="TestSuite" time="1.383" tests="13" errors="0" skipped="0" failures="0">
  <properties>
    <property name="sun.desktop" value="windows"/>
    <property name="awt.toolkit" value="sun.awt.windows.WToolkit"/>
    <property name="java.specification.version" value="11"/>
    <property name="sun.cpu.isalist" value="amd64"/>
    <property name="sun.jnu.encoding" value="Cp1252"/>
    <property name="java.class.path" value="C:\Users\KeshavKant\Desktop\selenium1\java11Project\GitHub\target\test-classes;C:\Users\KeshavKant\Desktop\selenium1\java11Project\GitHub\target\classes;C:\Users\KeshavKant\.m2\repository\junit\junit\4.11\junit-4.11.jar;C:\Users\KeshavKant\.m2\repository\org\hamcrest\hamcrest-core\1.3\hamcrest-core-1.3.jar;C:\Users\KeshavKant\.m2\repository\org\testng\testng\7.1.0\testng-7.1.0.jar;C:\Users\KeshavKant\.m2\repository\com\beust\jcommander\1.72\jcommander-1.72.jar;C:\Users\KeshavKant\.m2\repository\com\google\inject\guice\4.1.0\guice-4.1.0-no_aop.jar;C:\Users\KeshavKant\.m2\repository\javax\inject\javax.inject\1\javax.inject-1.jar;C:\Users\KeshavKant\.m2\repository\aopalliance\aopalliance\1.0\aopalliance-1.0.jar;C:\Users\KeshavKant\.m2\repository\com\google\guava\guava\19.0\guava-19.0.jar;C:\Users\KeshavKant\.m2\repository\org\yaml\snakeyaml\1.21\snakeyaml-1.21.jar;"/>
    <property name="java.vm.vendor" value="Oracle Corporation"/>
    <property name="sun.arch.data.model" value="64"/>
    <property name="user.variant" value=""/>
    <property name="java.vendor.url" value="http://java.oracle.com/"/>
    <property name="user.timezone" value="Asia/Calcutta"/>
    <property name="java.vm.specification.version" value="11"/>
    <property name="os.name" value="Windows 10"/>
    <property name="sun.java.launcher" value="SUN_STANDARD"/>
    <property name="user.country" value="IN"/>
    <property name="sun.boot.library.path" value="C:\Program Files\jdk-11.0.6_windows-x64_bin\jdk-11.0.6\bin"/>
    <property name="sun.java.command" value="C:\Users\KeshavKant\AppData\Local\Temp\surefire13546993933176852659\surefirebooter8537591641031314598.jar C:\Users\KeshavKant\AppData\Local\Temp\surefire13546993933176852659 2020-05-10T08-48-15_024-jvmRun1 surefire8582651869334372196tmp surefire_09778522335209721202tmp"/>
    <property name="jdk.debug" value="release"/>
    <property name="surefire.test.class.path" value="C:\Users\KeshavKant\Desktop\selenium1\java11Project\GitHub\target\test-classes;C:\Users\KeshavKant\Desktop\selenium1\java11Project\GitHub\target\classes;C:\Users\KeshavKant\.m2\repository\junit\junit\4.11\junit-4.11.jar;C:\Users\KeshavKant\.m2\repository\org\hamcrest\hamcrest-core\1.3\hamcrest-core-1.3.jar;C:\Users\KeshavKant\.m2\repository\org\testng\testng\7.1.0\testng-7.1.0.jar;C:\Users\KeshavKant\.m2\repository\com\beust\jcommander\1.72\jcommander-1.72.jar;C:\Users\KeshavKant\.m2\repository\com\google\inject\guice\4.1.0\guice-4.1.0-no_aop.jar;C:\Users\KeshavKant\.m2\repository\javax\inject\javax.inject\1\javax.inject-1.jar;C:\Users\KeshavKant\.m2\repository\aopalliance\aopalliance\1.0\aopalliance-1.0.jar;C:\Users\KeshavKant\.m2\repository\com\google\guava\guava\19.0\guava-19.0.jar;C:\Users\KeshavKant\.m2\repository\org\yaml\snakeyaml\1.21\snakeyaml-1.21.jar;"/>
    <property name="sun.cpu.endian" value="little"/>
    <property name="user.home" value="C:\Users\KeshavKant"/>
    <property name="user.language" value="en"/>
    <property name="java.specification.vendor" value="Oracle Corporation"/>
    <property name="java.version.date" value="2020-01-14"/>
    <property name="java.home" value="C:\Program Files\jdk-11.0.6_windows-x64_bin\jdk-11.0.6"/>
    <property name="file.separator" value="\"/>
    <property name="basedir" value="C:\Users\KeshavKant\Desktop\selenium1\java11Project\GitHub"/>
    <property name="java.vm.compressedOopsMode" value="32-bit"/>
    <property name="line.separator" value="&#10;"/>
    <property name="java.specification.name" value="Java Platform API Specification"/>
    <property name="java.vm.specification.vendor" value="Oracle Corporation"/>
    <property name="java.awt.graphicsenv" value="sun.awt.Win32GraphicsEnvironment"/>
    <property name="surefire.real.class.path" value="C:\Users\KeshavKant\AppData\Local\Temp\surefire13546993933176852659\surefirebooter8537591641031314598.jar"/>
    <property name="user.script" value=""/>
    <property name="sun.management.compiler" value="HotSpot 64-Bit Tiered Compilers"/>
    <property name="java.runtime.version" value="11.0.6+8-LTS"/>
    <property name="user.name" value="KeshavKant"/>
    <property name="path.separator" value=";"/>
    <property name="os.version" value="10.0"/>
    <property name="java.runtime.name" value="Java(TM) SE Runtime Environment"/>
    <property name="file.encoding" value="Cp1252"/>
    <property name="java.vm.name" value="Java HotSpot(TM) 64-Bit Server VM"/>
    <property name="java.vendor.version" value="18.9"/>
    <property name="localRepository" value="C:\Users\KeshavKant\.m2\repository"/>
    <property name="java.vendor.url.bug" value="http://bugreport.java.com/bugreport/"/>
    <property name="java.io.tmpdir" value="C:\Users\KESHAV~1\AppData\Local\Temp\"/>
    <property name="java.version" value="11.0.6"/>
    <property name="user.dir" value="C:\Users\KeshavKant\Desktop\selenium1\java11Project\GitHub"/>
    <property name="os.arch" value="amd64"/>
    <property name="java.vm.specification.name" value="Java Virtual Machine Specification"/>
    <property name="java.awt.printerjob" value="sun.awt.windows.WPrinterJob"/>
    <property name="sun.os.patch.level" value=""/>
    <property name="java.library.path" value="C:\Program Files\jdk-11.0.6_windows-x64_bin\jdk-11.0.6\bin;C:\WINDOWS\Sun\Java\bin;C:\WINDOWS\system32;C:\WINDOWS;C:\WINDOWS\system32;C:\WINDOWS;C:\WINDOWS\System32\Wbem;C:\WINDOWS\System32\WindowsPowerShell\v1.0\;C:\WINDOWS\System32\OpenSSH\;C:\Users\KeshavKant\Downloads\geckodriver-v0.24.0-win64;C:\Users\KeshavKant\Desktop\cucumber\apache-maven-3.6.2-bin\apache-maven-3.6.2;C:\Program Files\jdk-11.0.6_windows-x64_bin\jdk-11.0.6\bin;C:\Users\KeshavKant\Desktop\cucumber\apache-maven-3.6.2-bin\apache-maven-3.6.2\bin;C:\Program Files\Git\cmd;C:\Users\KeshavKant\AppData\Local\Programs\Python\Python37\Scripts\;C:\Users\KeshavKant\AppData\Local\Programs\Python\Python37\;C:\Users\KeshavKant\AppData\Local\Android\sdk-tools-windows-4333796\platform-tools;C:\Users\KeshavKant\AppData\Local\Android\sdk-tools-windows-4333796\tools\bin;C:\Users\KeshavKant\AppData\Local\Android\sdk-tools-windows-4333796\tools;C:\Users\KeshavKant\AppData\Local\Android\sdk-tools-windows-4333796\platform-tools;C:\Program Files\nodejs\;C:\Program Files (x86)\PuTTY\;C:\Users\KeshavKant\AppData\Local\Microsoft\WindowsApps;C:\Users\KeshavKant\AppData\Local\Microsoft\WindowsApps;C:\Users\KeshavKant\AppData\Local\Programs\Python\Python37\;C:\Users\KeshavKant\AppData\Local\Programs\Python\Python37\Scripts\;C:\Users\KeshavKant\AppData\Roaming\npm;C:\Users\KeshavKant\AppData\Local\Programs\Microsoft VS Code\bin;."/>
    <property name="java.vendor" value="Oracle Corporation"/>
    <property name="java.vm.info" value="mixed mode"/>
    <property name="java.vm.version" value="11.0.6+8-LTS"/>
    <property name="sun.io.unicode.encoding" value="UnicodeLittle"/>
    <property name="java.class.version" value="55.0"/>
  </properties>
  <testcase name="with" classname="GitDemo.GitHub.Class3Test" time="0.012"/>
  <testcase name="with1" classname="GitDemo.GitHub.Class3Test" time="0.004"/>
  <testcase name="with2" classname="GitDemo.GitHub.Class3Test" time="0.001"/>
  <testcase name="with3" classname="GitDemo.GitHub.Class3Test" time="0.014"/>
  <testcase name="withTrue" classname="GitDemo.GitHub.Class2Test" time="0.021"/>
  <testcase name="withTrue1" classname="GitDemo.GitHub.Class2Test" time="0.01"/>
  <testcase name="withTrue2" classname="GitDemo.GitHub.Class2Test" time="0.027"/>
  <testcase name="withTrue3" classname="GitDemo.GitHub.Class2Test" time="0.014"/>
  <testcase name="shouldAnswerWithTrue" classname="GitDemo.GitHub.AppTest" time="0.007"/>
  <testcase name="shouldAnswerWithTrue1" classname="GitDemo.GitHub.AppTest" time="0.02"/>
  <testcase name="shouldAnswerWithTrue2" classname="GitDemo.GitHub.AppTest" time="0.003"/>
  <testcase name="shouldAnswerWithTrue3" classname="GitDemo.GitHub.AppTest" time="0.006"/>
  <testcase name="shouldAnswerWithTrue4" classname="GitDemo.GitHub.AppTest" time="0.037"/>
</testsuite>