<?xml version="1.0" encoding="UTF-8"?>
<!-- Generated by org.testng.reporters.JUnitReportReporter -->
<testsuite hostname="DESKTOP-4CANV1M" failures="0" tests="5" name="GitDemo.GitHub.AppTest" time="0.010" errors="0" timestamp="2020-05-09T21:38:28 IST" skipped="0">
  <testcase classname="GitDemo.GitHub.AppTest" name="shouldAnswerWithTrue4" time="0.002"/>
  <system-out/>
  <testcase classname="GitDemo.GitHub.AppTest" name="shouldAnswerWithTrue2" time="0.002"/>
  <system-out/>
  <testcase classname="GitDemo.GitHub.AppTest" name="shouldAnswerWithTrue3" time="0.002"/>
  <system-out/>
  <testcase classname="GitDemo.GitHub.AppTest" name="shouldAnswerWithTrue1" time="0.002"/>
  <system-out/>
  <testcase classname="GitDemo.GitHub.AppTest" name="shouldAnswerWithTrue" time="0.002"/>
  <system-out/>
</testsuite> <!-- GitDemo.GitHub.AppTest -->
