<?xml version="1.0" encoding="UTF-8"?>
<!-- Generated by org.testng.reporters.JUnitReportReporter -->
<testsuite hostname="DESKTOP-4CANV1M" failures="0" tests="4" name="GitDemo.GitHub.Class2Test" time="0.005" errors="0" timestamp="2020-05-09T21:38:28 IST" skipped="0">
  <testcase classname="GitDemo.GitHub.Class2Test" name="withTrue2" time="0.001"/>
  <system-out/>
  <testcase classname="GitDemo.GitHub.Class2Test" name="withTrue" time="0.001"/>
  <system-out/>
  <testcase classname="GitDemo.GitHub.Class2Test" name="withTrue3" time="0.002"/>
  <system-out/>
  <testcase classname="GitDemo.GitHub.Class2Test" name="withTrue1" time="0.001"/>
  <system-out/>
</testsuite> <!-- GitDemo.GitHub.Class2Test -->
