<?xml version="1.0" encoding="UTF-8"?>
<!-- Generated by org.testng.reporters.JUnitReportReporter -->
<testsuite hostname="DESKTOP-4CANV1M" failures="0" tests="4" name="GitDemo.GitHub.Class4Test" time="0.005" errors="0" timestamp="2020-05-09T21:38:28 IST" skipped="0">
  <testcase classname="GitDemo.GitHub.Class4Test" name="true1" time="0.001"/>
  <system-out/>
  <testcase classname="GitDemo.GitHub.Class4Test" name="true0" time="0.001"/>
  <system-out/>
  <testcase classname="GitDemo.GitHub.Class4Test" name="true3" time="0.001"/>
  <system-out/>
  <testcase classname="GitDemo.GitHub.Class4Test" name="true2" time="0.002"/>
  <system-out/>
</testsuite> <!-- GitDemo.GitHub.Class4Test -->
