<?xml version="1.0" encoding="UTF-8"?>
<!-- Generated by org.testng.reporters.JUnitReportReporter -->
<testsuite hostname="DESKTOP-4CANV1M" failures="0" tests="4" name="GitDemo.GitHub.Class1Test" time="0.001" errors="0" timestamp="2020-05-09T22:06:28 IST" skipped="0">
  <testcase classname="GitDemo.GitHub.Class1Test" name="answerWithTrue3" time="0.001"/>
  <system-out/>
  <testcase classname="GitDemo.GitHub.Class1Test" name="answerWithTrue2" time="0.000"/>
  <system-out/>
  <testcase classname="GitDemo.GitHub.Class1Test" name="answerWithTrue" time="0.000"/>
  <system-out/>
  <testcase classname="GitDemo.GitHub.Class1Test" name="answerWithTrue1" time="0.000"/>
  <system-out/>
</testsuite> <!-- GitDemo.GitHub.Class1Test -->
