<?xml version="1.0" encoding="UTF-8"?>
<!-- Generated by org.testng.reporters.JUnitReportReporter -->
<testsuite hostname="DESKTOP-4CANV1M" failures="0" tests="4" name="GitDemo.GitHub.Class3Test" time="0.007" errors="0" timestamp="2020-05-10T08:48:19 IST" skipped="0">
  <testcase classname="GitDemo.GitHub.Class3Test" name="with3" time="0.000"/>
  <system-out/>
  <testcase classname="GitDemo.GitHub.Class3Test" name="with1" time="0.000"/>
  <system-out/>
  <testcase classname="GitDemo.GitHub.Class3Test" name="with2" time="0.000"/>
  <system-out/>
  <testcase classname="GitDemo.GitHub.Class3Test" name="with" time="0.007"/>
  <system-out/>
</testsuite> <!-- GitDemo.GitHub.Class3Test -->
